SF:lib\views\client_edit_view.dart
DA:13,1
DA:15,1
DA:16,1
DA:32,1
DA:34,1
DA:35,5
DA:36,5
DA:37,5
DA:38,5
DA:39,5
DA:40,4
DA:43,0
DA:44,0
DA:47,0
DA:53,0
DA:54,0
DA:58,0
DA:65,0
DA:66,0
DA:69,0
DA:75,0
DA:76,0
DA:77,0
DA:78,0
DA:81,0
DA:82,0
DA:83,0
DA:84,0
DA:85,0
DA:87,0
DA:88,0
DA:89,0
DA:93,0
DA:94,0
DA:95,0
DA:96,0
DA:104,1
DA:105,3
DA:106,1
DA:107,2
DA:108,2
DA:109,2
DA:110,3
DA:111,2
DA:112,2
DA:113,1
DA:116,3
DA:117,2
DA:121,1
DA:123,1
DA:124,2
DA:125,1
DA:126,1
DA:127,1
DA:128,1
DA:129,1
DA:131,1
DA:132,1
DA:133,1
DA:135,1
DA:136,2
DA:137,1
DA:138,1
DA:139,1
DA:140,1
DA:141,1
DA:147,1
DA:148,1
DA:149,1
DA:150,1
DA:151,1
DA:157,1
DA:158,1
DA:159,1
DA:160,1
DA:161,2
DA:167,1
DA:168,1
DA:169,1
DA:171,1
DA:172,2
DA:178,1
DA:179,1
DA:180,1
DA:181,1
DA:182,1
DA:188,1
DA:189,1
DA:190,1
DA:191,1
DA:196,1
DA:197,1
DA:198,1
DA:200,1
DA:201,2
DA:202,1
DA:203,1
DA:204,1
DA:206,1
DA:207,1
DA:208,1
DA:210,1
DA:211,1
DA:212,1
DA:214,1
DA:215,1
DA:216,1
DA:217,1
DA:219,1
DA:220,1
DA:221,1
DA:222,2
DA:223,0
DA:224,0
DA:225,0
DA:226,0
DA:227,0
LF:117
LH:87
end_of_record
SF:lib\models\client.dart
DA:11,1
DA:19,1
LF:2
LH:2
end_of_record
SF:lib\controllers\client_controller.dart
DA:8,0
DA:10,0
DA:11,0
DA:14,0
DA:15,0
DA:18,0
DA:19,0
DA:22,0
DA:23,0
LF:9
LH:0
end_of_record
SF:lib\models\carte_credit.dart
DA:6,0
LF:1
LH:0
end_of_record
SF:lib\utils\validators.dart
DA:2,1
DA:3,1
DA:4,1
LF:3
LH:3
end_of_record
SF:lib\models\personne.dart
DA:6,1
LF:1
LH:1
end_of_record
SF:lib\views\client_create_view.dart
DA:12,0
DA:14,0
DA:15,0
DA:31,0
DA:32,0
DA:35,0
DA:41,0
DA:42,0
DA:46,0
DA:53,0
DA:54,0
DA:57,0
DA:63,0
DA:64,0
DA:65,0
DA:66,0
DA:69,0
DA:70,0
DA:71,0
DA:72,0
DA:73,0
DA:75,0
DA:76,0
DA:77,0
DA:81,0
DA:82,0
DA:83,0
DA:84,0
DA:92,0
DA:93,0
DA:94,0
DA:95,0
DA:96,0
DA:97,0
DA:98,0
DA:99,0
DA:100,0
DA:101,0
DA:104,0
DA:105,0
DA:109,0
DA:111,0
DA:112,0
DA:113,0
DA:114,0
DA:115,0
DA:116,0
DA:117,0
DA:119,0
DA:120,0
DA:121,0
DA:123,0
DA:124,0
DA:125,0
DA:126,0
DA:127,0
DA:128,0
DA:129,0
DA:135,0
DA:136,0
DA:137,0
DA:138,0
DA:139,0
DA:145,0
DA:146,0
DA:147,0
DA:148,0
DA:149,0
DA:155,0
DA:156,0
DA:157,0
DA:159,0
DA:160,0
DA:166,0
DA:167,0
DA:168,0
DA:169,0
DA:170,0
DA:176,0
DA:177,0
DA:178,0
DA:179,0
DA:184,0
DA:185,0
DA:186,0
DA:188,0
DA:189,0
DA:190,0
DA:191,0
DA:192,0
DA:194,0
DA:195,0
DA:196,0
DA:198,0
DA:199,0
DA:200,0
DA:202,0
DA:203,0
DA:204,0
DA:205,0
DA:207,0
DA:208,0
DA:209,0
DA:210,0
DA:211,0
DA:212,0
DA:213,0
DA:214,0
DA:215,0
LF:109
LH:0
end_of_record
